# JRE version: OpenJDK Runtime Environment Temurin-17.0.1+12 (17.0.1+12) (build 17.0.1+12)
# Java VM: OpenJDK 64-Bit Server VM Temurin-17.0.1+12 (17.0.1+12, mixed mode, tiered, compressed oops, compressed class ptrs, g1 gc, windows-amd64)
GC Precious Log:
 CPUs: 12 total, 12 available
 Memory: 8023M
 Large Page Support: Disabled
 NUMA Support: Disabled
 Compressed Oops: Enabled (32-bit)
 Heap Region Size: 1M
 Heap Min Capacity: 8M
 Heap Initial Capacity: 126M
 Heap Max Capacity: 2006M
 Pre-touch: Disabled
 Parallel Workers: 10
 Concurrent Workers: 3
 Concurrent Refinement Workers: 10
 Periodic GC: Disabled
Heap:
 garbage-first heap   total 79872K, used 26180K [0x0000000082a00000, 0x0000000100000000)
  region size 1024K, 8 young (8192K), 5 survivors (5120K)
 Metaspace       used 60473K, committed 60736K, reserved 1105920K
  class space    used 7749K, committed 7872K, reserved 1048576K
GC Heap History (20 events):
Event: 9.554 GC heap before
{Heap before GC invocations=6 (full 0):
 garbage-first heap   total 37888K, used 27464K [0x0000000082a00000, 0x0000000100000000)
  region size 1024K, 19 young (19456K), 3 survivors (3072K)
 Metaspace       used 28259K, committed 28480K, reserved 1081344K
  class space    used 3218K, committed 3328K, reserved 1048576K
}
Event: 9.558 GC heap after
{Heap after GC invocations=7 (full 0):
 garbage-first heap   total 37888K, used 12266K [0x0000000082a00000, 0x0000000100000000)
  region size 1024K, 2 young (2048K), 2 survivors (2048K)
 Metaspace       used 28259K, committed 28480K, reserved 1081344K
  class space    used 3218K, committed 3328K, reserved 1048576K
}
Event: 9.567 GC heap before
{Heap before GC invocations=7 (full 0):
 garbage-first heap   total 37888K, used 27626K [0x0000000082a00000, 0x0000000100000000)
  region size 1024K, 18 young (18432K), 2 survivors (2048K)
 Metaspace       used 28377K, committed 28672K, reserved 1081344K
  class space    used 3228K, committed 3392K, reserved 1048576K
}
Event: 9.569 GC heap after
{Heap after GC invocations=8 (full 0):
 garbage-first heap   total 37888K, used 12206K [0x0000000082a00000, 0x0000000100000000)
  region size 1024K, 2 young (2048K), 2 survivors (2048K)
 Metaspace       used 28377K, committed 28672K, reserved 1081344K
  class space    used 3228K, committed 3392K, reserved 1048576K
}
Event: 9.811 GC heap before
{Heap before GC invocations=8 (full 0):
 garbage-first heap   total 37888K, used 28590K [0x0000000082a00000, 0x0000000100000000)
  region size 1024K, 18 young (18432K), 2 survivors (2048K)
 Metaspace       used 29819K, committed 30144K, reserved 1081344K
  class space    used 3384K, committed 3520K, reserved 1048576K
}
Event: 9.815 GC heap after
{Heap after GC invocations=9 (full 0):
 garbage-first heap   total 37888K, used 13470K [0x0000000082a00000, 0x0000000100000000)
  region size 1024K, 3 young (3072K), 3 survivors (3072K)
 Metaspace       used 29819K, committed 30144K, reserved 1081344K
  class space    used 3384K, committed 3520K, reserved 1048576K
}
Event: 10.133 GC heap before
{Heap before GC invocations=9 (full 0):
 garbage-first heap   total 37888K, used 28830K [0x0000000082a00000, 0x0000000100000000)
  region size 1024K, 18 young (18432K), 3 survivors (3072K)
 Metaspace       used 32083K, committed 32384K, reserved 1081344K
  class space    used 3699K, committed 3840K, reserved 1048576K
}
Event: 10.139 GC heap after
{Heap after GC invocations=10 (full 0):
 garbage-first heap   total 79872K, used 14248K [0x0000000082a00000, 0x0000000100000000)
  region size 1024K, 3 young (3072K), 3 survivors (3072K)
 Metaspace       used 32083K, committed 32384K, reserved 1081344K
  class space    used 3699K, committed 3840K, reserved 1048576K
}
Event: 10.542 GC heap before
{Heap before GC invocations=10 (full 0):
 garbage-first heap   total 79872K, used 33704K [0x0000000082a00000, 0x0000000100000000)
  region size 1024K, 23 young (23552K), 3 survivors (3072K)
 Metaspace       used 35903K, committed 36160K, reserved 1081344K
  class space    used 4263K, committed 4416K, reserved 1048576K
}
Event: 10.550 GC heap after
{Heap after GC invocations=11 (full 0):
 garbage-first heap   total 79872K, used 16463K [0x0000000082a00000, 0x0000000100000000)
  region size 1024K, 5 young (5120K), 5 survivors (5120K)
 Metaspace       used 35903K, committed 36160K, reserved 1081344K
  class space    used 4263K, committed 4416K, reserved 1048576K
}
Event: 10.774 GC heap before
{Heap before GC invocations=12 (full 0):
 garbage-first heap   total 61440K, used 50255K [0x0000000082a00000, 0x0000000100000000)
  region size 1024K, 40 young (40960K), 5 survivors (5120K)
 Metaspace       used 37935K, committed 38208K, reserved 1089536K
  class space    used 4465K, committed 4608K, reserved 1048576K
}
Event: 10.780 GC heap after
{Heap after GC invocations=13 (full 0):
 garbage-first heap   total 61440K, used 17780K [0x0000000082a00000, 0x0000000100000000)
  region size 1024K, 4 young (4096K), 4 survivors (4096K)
 Metaspace       used 37935K, committed 38208K, reserved 1089536K
  class space    used 4465K, committed 4608K, reserved 1048576K
}
Event: 10.842 GC heap before
{Heap before GC invocations=13 (full 0):
 garbage-first heap   total 61440K, used 47476K [0x0000000082a00000, 0x0000000100000000)
  region size 1024K, 32 young (32768K), 4 survivors (4096K)
 Metaspace       used 38144K, committed 38464K, reserved 1089536K
  class space    used 4484K, committed 4608K, reserved 1048576K
}
Event: 10.846 GC heap after
{Heap after GC invocations=14 (full 0):
 garbage-first heap   total 61440K, used 18942K [0x0000000082a00000, 0x0000000100000000)
  region size 1024K, 2 young (2048K), 2 survivors (2048K)
 Metaspace       used 38144K, committed 38464K, reserved 1089536K
  class space    used 4484K, committed 4608K, reserved 1048576K
}
Event: 11.447 GC heap before
{Heap before GC invocations=14 (full 0):
 garbage-first heap   total 61440K, used 47614K [0x0000000082a00000, 0x0000000100000000)
  region size 1024K, 30 young (30720K), 2 survivors (2048K)
 Metaspace       used 44730K, committed 45120K, reserved 1089536K
  class space    used 5250K, committed 5440K, reserved 1048576K
}
Event: 11.450 GC heap after
{Heap after GC invocations=15 (full 0):
 garbage-first heap   total 79872K, used 19533K [0x0000000082a00000, 0x0000000100000000)
  region size 1024K, 3 young (3072K), 3 survivors (3072K)
 Metaspace       used 44730K, committed 45120K, reserved 1089536K
  class space    used 5250K, committed 5440K, reserved 1048576K
}
Event: 12.768 GC heap before
{Heap before GC invocations=15 (full 0):
 garbage-first heap   total 79872K, used 63565K [0x0000000082a00000, 0x0000000100000000)
  region size 1024K, 46 young (47104K), 3 survivors (3072K)
 Metaspace       used 56973K, committed 57280K, reserved 1105920K
  class space    used 7262K, committed 7424K, reserved 1048576K
}
Event: 12.781 GC heap after
{Heap after GC invocations=16 (full 0):
 garbage-first heap   total 79872K, used 21819K [0x0000000082a00000, 0x0000000100000000)
  region size 1024K, 6 young (6144K), 6 survivors (6144K)
 Metaspace       used 56973K, committed 57280K, reserved 1105920K
  class space    used 7262K, committed 7424K, reserved 1048576K
}
Event: 13.644 GC heap before
{Heap before GC invocations=16 (full 0):
 garbage-first heap   total 79872K, used 45371K [0x0000000082a00000, 0x0000000100000000)
  region size 1024K, 30 young (30720K), 6 survivors (6144K)
 Metaspace       used 60277K, committed 60608K, reserved 1105920K
  class space    used 7702K, committed 7872K, reserved 1048576K
}
Event: 13.650 GC heap after
{Heap after GC invocations=17 (full 0):
 garbage-first heap   total 79872K, used 24132K [0x0000000082a00000, 0x0000000100000000)
  region size 1024K, 5 young (5120K), 5 survivors (5120K)
 Metaspace       used 60277K, committed 60608K, reserved 1105920K
  class space    used 7702K, committed 7872K, reserved 1048576K
}

